Copyright 1986-2017 Xilinx, Inc. All Rights Reserved.
----------------------------------------------------------------------------------------------------------------------------------------------------------------------------
| Tool Version     : Vivado v.2017.4 (lin64) Build 2086221 Fri Dec 15 20:54:30 MST 2017
| Date             : Fri Dec 13 16:13:07 2019
| Host             : fractal-lnx running 64-bit Debian GNU/Linux 10 (buster)
| Command          : report_power -file cora_z7_10_wrapper_power_routed.rpt -pb cora_z7_10_wrapper_power_summary_routed.pb -rpx cora_z7_10_wrapper_power_routed.rpx
| Design           : cora_z7_10_wrapper
| Device           : xc7z010clg400-1
| Design State     : routed
| Grade            : commercial
| Process          : typical
| Characterization : Production
----------------------------------------------------------------------------------------------------------------------------------------------------------------------------

Power Report

Table of Contents
-----------------
1. Summary
1.1 On-Chip Components
1.2 Power Supply Summary
1.3 Confidence Level
2. Settings
2.1 Environment
2.2 Clock Constraints
3. Detailed Reports
3.1 By Hierarchy

1. Summary
----------

+--------------------------+--------------+
| Total On-Chip Power (W)  | 1.411        |
| Design Power Budget (W)  | Unspecified* |
| Power Budget Margin (W)  | NA           |
| Dynamic (W)              | 1.292        |
| Device Static (W)        | 0.119        |
| Effective TJA (C/W)      | 11.5         |
| Max Ambient (C)          | 68.7         |
| Junction Temperature (C) | 41.3         |
| Confidence Level         | Low          |
| Setting File             | ---          |
| Simulation Activity File | ---          |
| Design Nets Matched      | NA           |
+--------------------------+--------------+
* Specify Design Power Budget using, set_operating_conditions -design_power_budget <value in Watts>


1.1 On-Chip Components
----------------------

+-------------------------+-----------+----------+-----------+-----------------+
| On-Chip                 | Power (W) | Used     | Available | Utilization (%) |
+-------------------------+-----------+----------+-----------+-----------------+
| Clocks                  |     0.009 |        3 |       --- |             --- |
| Slice Logic             |     0.002 |     4267 |       --- |             --- |
|   LUT as Logic          |     0.001 |     1323 |     17600 |            7.52 |
|   Register              |    <0.001 |     2189 |     35200 |            6.22 |
|   CARRY4                |    <0.001 |       58 |      4400 |            1.32 |
|   LUT as Shift Register |    <0.001 |       62 |      6000 |            1.03 |
|   Others                |     0.000 |      233 |       --- |             --- |
| Signals                 |     0.003 |     3283 |       --- |             --- |
| I/O                     |     0.024 |       80 |       100 |           80.00 |
| XADC                    |     0.002 |        1 |       --- |             --- |
| PS7                     |     1.252 |        1 |       --- |             --- |
| Static Power            |     0.119 |          |           |                 |
| Total                   |     1.411 |          |           |                 |
+-------------------------+-----------+----------+-----------+-----------------+


1.2 Power Supply Summary
------------------------

+-----------+-------------+-----------+-------------+------------+
| Source    | Voltage (V) | Total (A) | Dynamic (A) | Static (A) |
+-----------+-------------+-----------+-------------+------------+
| Vccint    |       1.000 |     0.021 |       0.015 |      0.006 |
| Vccaux    |       1.800 |     0.008 |       0.001 |      0.008 |
| Vcco33    |       3.300 |     0.008 |       0.007 |      0.001 |
| Vcco25    |       2.500 |     0.000 |       0.000 |      0.000 |
| Vcco18    |       1.800 |     0.000 |       0.000 |      0.000 |
| Vcco15    |       1.500 |     0.000 |       0.000 |      0.000 |
| Vcco135   |       1.350 |     0.000 |       0.000 |      0.000 |
| Vcco12    |       1.200 |     0.000 |       0.000 |      0.000 |
| Vccaux_io |       1.800 |     0.000 |       0.000 |      0.000 |
| Vccbram   |       1.000 |     0.000 |       0.000 |      0.000 |
| MGTAVcc   |       1.000 |     0.000 |       0.000 |      0.000 |
| MGTAVtt   |       1.200 |     0.000 |       0.000 |      0.000 |
| MGTVccaux |       1.800 |     0.000 |       0.000 |      0.000 |
| Vccpint   |       1.000 |     0.675 |       0.648 |      0.027 |
| Vccpaux   |       1.800 |     0.036 |       0.026 |      0.010 |
| Vccpll    |       1.800 |     0.017 |       0.014 |      0.003 |
| Vcco_ddr  |       1.500 |     0.354 |       0.352 |      0.002 |
| Vcco_mio0 |       3.300 |     0.001 |       0.000 |      0.001 |
| Vcco_mio1 |       1.800 |     0.003 |       0.002 |      0.001 |
| Vccadc    |       1.800 |     0.021 |       0.001 |      0.020 |
+-----------+-------------+-----------+-------------+------------+


1.3 Confidence Level
--------------------

+-----------------------------+------------+--------------------------------------------------------+------------------------------------------------------------------------------------------------------------+
| User Input Data             | Confidence | Details                                                | Action                                                                                                     |
+-----------------------------+------------+--------------------------------------------------------+------------------------------------------------------------------------------------------------------------+
| Design implementation state | High       | Design is routed                                       |                                                                                                            |
| Clock nodes activity        | High       | User specified more than 95% of clocks                 |                                                                                                            |
| I/O nodes activity          | Low        | More than 75% of inputs are missing user specification | Provide missing input activity with simulation results or by editing the "By Resource Type -> I/Os" view   |
| Internal nodes activity     | Medium     | User specified less than 25% of internal nodes         | Provide missing internal nodes activity with simulation results or by editing the "By Resource Type" views |
| Device models               | High       | Device models are Production                           |                                                                                                            |
|                             |            |                                                        |                                                                                                            |
| Overall confidence level    | Low        |                                                        |                                                                                                            |
+-----------------------------+------------+--------------------------------------------------------+------------------------------------------------------------------------------------------------------------+


2. Settings
-----------

2.1 Environment
---------------

+-----------------------+------------------------+
| Ambient Temp (C)      | 25.0                   |
| ThetaJA (C/W)         | 11.5                   |
| Airflow (LFM)         | 250                    |
| Heat Sink             | none                   |
| ThetaSA (C/W)         | 0.0                    |
| Board Selection       | medium (10"x10")       |
| # of Board Layers     | 8to11 (8 to 11 Layers) |
| Board Temperature (C) | 25.0                   |
+-----------------------+------------------------+


2.2 Clock Constraints
---------------------

+------------+---------------------------------------------------------------+-----------------+
| Clock      | Domain                                                        | Constraint (ns) |
+------------+---------------------------------------------------------------+-----------------+
| clk_fpga_0 | cora_z7_10_i/processing_system7_0/inst/FCLK_CLK_unbuffered[0] |            10.0 |
+------------+---------------------------------------------------------------+-----------------+


3. Detailed Reports
-------------------

3.1 By Hierarchy
----------------

+--------------------------------------------------+-----------+
| Name                                             | Power (W) |
+--------------------------------------------------+-----------+
| cora_z7_10_wrapper                               |     1.292 |
|   GPIO_0_tri_iobuf_0                             |    <0.001 |
|   GPIO_0_tri_iobuf_1                             |    <0.001 |
|   GPIO_0_tri_iobuf_2                             |    <0.001 |
|   GPIO_0_tri_iobuf_3                             |    <0.001 |
|   GPIO_0_tri_iobuf_4                             |    <0.001 |
|   GPIO_0_tri_iobuf_5                             |    <0.001 |
|   Shield_I2C_scl_iobuf                           |    <0.001 |
|   Shield_I2C_sda_iobuf                           |    <0.001 |
|   Shield_SPI_io0_iobuf                           |    <0.001 |
|   Shield_SPI_io1_iobuf                           |    <0.001 |
|   Shield_SPI_sck_iobuf                           |    <0.001 |
|   Shield_SPI_ss_iobuf                            |    <0.001 |
|   cora_z7_10_i                                   |     1.268 |
|     axi_gpio_btn                                 |     0.001 |
|       U0                                         |     0.001 |
|         AXI_LITE_IPIF_I                          |    <0.001 |
|           I_SLAVE_ATTACHMENT                     |    <0.001 |
|             I_DECODER                            |    <0.001 |
|         INTR_CTRLR_GEN.INTERRUPT_CONTROL_I       |    <0.001 |
|         gpio_core_1                              |    <0.001 |
|           Dual.INPUT_DOUBLE_REGS4                |    <0.001 |
|           Dual.INPUT_DOUBLE_REGS5                |    <0.001 |
|     axi_gpio_shield                              |     0.002 |
|       U0                                         |     0.002 |
|         AXI_LITE_IPIF_I                          |    <0.001 |
|           I_SLAVE_ATTACHMENT                     |    <0.001 |
|             I_DECODER                            |    <0.001 |
|         INTR_CTRLR_GEN.INTERRUPT_CONTROL_I       |    <0.001 |
|         gpio_core_1                              |     0.001 |
|           Dual.INPUT_DOUBLE_REGS4                |    <0.001 |
|           Dual.INPUT_DOUBLE_REGS5                |    <0.001 |
|     processing_system7_0                         |     1.253 |
|       inst                                       |     1.253 |
|     ps7_0_axi_periph                             |     0.005 |
|       s00_couplers                               |     0.004 |
|         auto_pc                                  |     0.004 |
|           inst                                   |     0.004 |
|             gen_axilite.gen_b2s_conv.axilite_b2s |     0.004 |
|               RD.ar_channel_0                    |    <0.001 |
|                 ar_cmd_fsm_0                     |    <0.001 |
|                 cmd_translator_0                 |    <0.001 |
|                   incr_cmd_0                     |    <0.001 |
|                   wrap_cmd_0                     |    <0.001 |
|               RD.r_channel_0                     |    <0.001 |
|                 rd_data_fifo_0                   |    <0.001 |
|                 transaction_fifo_0               |    <0.001 |
|               SI_REG                             |     0.002 |
|                 ar.ar_pipe                       |    <0.001 |
|                 aw.aw_pipe                       |    <0.001 |
|                 b.b_pipe                         |    <0.001 |
|                 r.r_pipe                         |    <0.001 |
|               WR.aw_channel_0                    |    <0.001 |
|                 aw_cmd_fsm_0                     |    <0.001 |
|                 cmd_translator_0                 |    <0.001 |
|                   incr_cmd_0                     |    <0.001 |
|                   wrap_cmd_0                     |    <0.001 |
|               WR.b_channel_0                     |    <0.001 |
|                 bid_fifo_0                       |    <0.001 |
|                 bresp_fifo_0                     |    <0.001 |
|       xbar                                       |    <0.001 |
|         inst                                     |    <0.001 |
|           gen_sasd.crossbar_sasd_0               |    <0.001 |
|             addr_arbiter_inst                    |    <0.001 |
|             gen_decerr.decerr_slave_inst         |    <0.001 |
|             reg_slice_r                          |    <0.001 |
|             splitter_ar                          |    <0.001 |
|             splitter_aw                          |    <0.001 |
|     pwm_rgb                                      |     0.002 |
|       inst                                       |     0.002 |
|         PWM_AXI_inst                             |     0.001 |
|     rst_ps7_0_100M                               |    <0.001 |
|       U0                                         |    <0.001 |
|         EXT_LPF                                  |    <0.001 |
|           ACTIVE_LOW_AUX.ACT_LO_AUX              |    <0.001 |
|           ACTIVE_LOW_EXT.ACT_LO_EXT              |    <0.001 |
|         SEQ                                      |    <0.001 |
|           SEQ_COUNTER                            |    <0.001 |
|     xadc_wiz_0                                   |     0.003 |
|       U0                                         |     0.003 |
|         AXI_LITE_IPIF_I                          |    <0.001 |
|           I_SLAVE_ATTACHMENT                     |    <0.001 |
|             I_DECODER                            |    <0.001 |
|         AXI_XADC_CORE_I                          |     0.002 |
|         INTR_CTRLR_GEN_I.INTERRUPT_CONTROL_I     |    <0.001 |
|         SOFT_RESET_I                             |    <0.001 |
|     xlconcat_0                                   |     0.000 |
|   shield_dp0_dp13_tri_iobuf_0                    |    <0.001 |
|   shield_dp0_dp13_tri_iobuf_1                    |    <0.001 |
|   shield_dp0_dp13_tri_iobuf_10                   |    <0.001 |
|   shield_dp0_dp13_tri_iobuf_11                   |    <0.001 |
|   shield_dp0_dp13_tri_iobuf_12                   |    <0.001 |
|   shield_dp0_dp13_tri_iobuf_13                   |    <0.001 |
|   shield_dp0_dp13_tri_iobuf_2                    |    <0.001 |
|   shield_dp0_dp13_tri_iobuf_3                    |    <0.001 |
|   shield_dp0_dp13_tri_iobuf_4                    |    <0.001 |
|   shield_dp0_dp13_tri_iobuf_5                    |    <0.001 |
|   shield_dp0_dp13_tri_iobuf_6                    |    <0.001 |
|   shield_dp0_dp13_tri_iobuf_7                    |    <0.001 |
|   shield_dp0_dp13_tri_iobuf_8                    |    <0.001 |
|   shield_dp0_dp13_tri_iobuf_9                    |    <0.001 |
|   shield_dp26_dp41_tri_iobuf_0                   |    <0.001 |
|   shield_dp26_dp41_tri_iobuf_1                   |    <0.001 |
|   shield_dp26_dp41_tri_iobuf_10                  |    <0.001 |
|   shield_dp26_dp41_tri_iobuf_11                  |    <0.001 |
|   shield_dp26_dp41_tri_iobuf_12                  |    <0.001 |
|   shield_dp26_dp41_tri_iobuf_13                  |    <0.001 |
|   shield_dp26_dp41_tri_iobuf_14                  |    <0.001 |
|   shield_dp26_dp41_tri_iobuf_15                  |    <0.001 |
|   shield_dp26_dp41_tri_iobuf_2                   |    <0.001 |
|   shield_dp26_dp41_tri_iobuf_3                   |    <0.001 |
|   shield_dp26_dp41_tri_iobuf_4                   |    <0.001 |
|   shield_dp26_dp41_tri_iobuf_5                   |    <0.001 |
|   shield_dp26_dp41_tri_iobuf_6                   |    <0.001 |
|   shield_dp26_dp41_tri_iobuf_7                   |    <0.001 |
|   shield_dp26_dp41_tri_iobuf_8                   |    <0.001 |
|   shield_dp26_dp41_tri_iobuf_9                   |    <0.001 |
|   user_dio_tri_iobuf_0                           |    <0.001 |
|   user_dio_tri_iobuf_1                           |    <0.001 |
|   user_dio_tri_iobuf_10                          |    <0.001 |
|   user_dio_tri_iobuf_11                          |    <0.001 |
|   user_dio_tri_iobuf_2                           |    <0.001 |
|   user_dio_tri_iobuf_3                           |    <0.001 |
|   user_dio_tri_iobuf_4                           |    <0.001 |
|   user_dio_tri_iobuf_5                           |    <0.001 |
|   user_dio_tri_iobuf_6                           |    <0.001 |
|   user_dio_tri_iobuf_7                           |    <0.001 |
|   user_dio_tri_iobuf_8                           |    <0.001 |
|   user_dio_tri_iobuf_9                           |    <0.001 |
+--------------------------------------------------+-----------+


